<?xml version="1.0" encoding="UTF-8"?>
<testsuite xmlns:xsi="http://www.w3.org/2001/XMLSchema-instance" xsi:noNamespaceSchemaLocation="https://maven.apache.org/surefire/maven-surefire-plugin/xsd/surefire-test-report-3.0.xsd" version="3.0" name="TestRunner" time="9.01" tests="1" errors="0" skipped="0" failures="0">
  <properties>
    <property name="java.specification.version" value="17"/>
    <property name="webdriver.chrome.driver" value="/Users/shima.nahar/.cache/selenium/chromedriver/mac64/94.0.4606.61/chromedriver"/>
    <property name="sun.jnu.encoding" value="UTF-8"/>
    <property name="java.class.path" value="/Users/shima.nahar/Documents/TalenTek/Git/CucumberBDD_Fw1/target/test-classes:/Users/shima.nahar/Documents/TalenTek/Git/CucumberBDD_Fw1/target/classes:/Users/shima.nahar/.m2/repository/org/seleniumhq/selenium/selenium-java/3.141.59/selenium-java-3.141.59.jar:/Users/shima.nahar/.m2/repository/org/seleniumhq/selenium/selenium-api/3.141.59/selenium-api-3.141.59.jar:/Users/shima.nahar/.m2/repository/org/seleniumhq/selenium/selenium-chrome-driver/3.141.59/selenium-chrome-driver-3.141.59.jar:/Users/shima.nahar/.m2/repository/org/seleniumhq/selenium/selenium-edge-driver/3.141.59/selenium-edge-driver-3.141.59.jar:/Users/shima.nahar/.m2/repository/org/seleniumhq/selenium/selenium-firefox-driver/3.141.59/selenium-firefox-driver-3.141.59.jar:/Users/shima.nahar/.m2/repository/org/seleniumhq/selenium/selenium-ie-driver/3.141.59/selenium-ie-driver-3.141.59.jar:/Users/shima.nahar/.m2/repository/org/seleniumhq/selenium/selenium-opera-driver/3.141.59/selenium-opera-driver-3.141.59.jar:/Users/shima.nahar/.m2/repository/org/seleniumhq/selenium/selenium-remote-driver/3.141.59/selenium-remote-driver-3.141.59.jar:/Users/shima.nahar/.m2/repository/org/seleniumhq/selenium/selenium-safari-driver/3.141.59/selenium-safari-driver-3.141.59.jar:/Users/shima.nahar/.m2/repository/org/seleniumhq/selenium/selenium-support/3.141.59/selenium-support-3.141.59.jar:/Users/shima.nahar/.m2/repository/net/bytebuddy/byte-buddy/1.8.15/byte-buddy-1.8.15.jar:/Users/shima.nahar/.m2/repository/org/apache/commons/commons-exec/1.3/commons-exec-1.3.jar:/Users/shima.nahar/.m2/repository/com/google/guava/guava/25.0-jre/guava-25.0-jre.jar:/Users/shima.nahar/.m2/repository/com/google/code/findbugs/jsr305/1.3.9/jsr305-1.3.9.jar:/Users/shima.nahar/.m2/repository/org/checkerframework/checker-compat-qual/2.0.0/checker-compat-qual-2.0.0.jar:/Users/shima.nahar/.m2/repository/com/google/errorprone/error_prone_annotations/2.1.3/error_prone_annotations-2.1.3.jar:/Users/shima.nahar/.m2/repository/com/google/j2objc/j2objc-annotations/1.1/j2objc-annotations-1.1.jar:/Users/shima.nahar/.m2/repository/org/codehaus/mojo/animal-sniffer-annotations/1.14/animal-sniffer-annotations-1.14.jar:/Users/shima.nahar/.m2/repository/com/squareup/okhttp3/okhttp/3.11.0/okhttp-3.11.0.jar:/Users/shima.nahar/.m2/repository/com/squareup/okio/okio/1.14.0/okio-1.14.0.jar:/Users/shima.nahar/.m2/repository/io/cucumber/cucumber-java/6.10.0/cucumber-java-6.10.0.jar:/Users/shima.nahar/.m2/repository/io/cucumber/cucumber-core/6.10.0/cucumber-core-6.10.0.jar:/Users/shima.nahar/.m2/repository/io/cucumber/cucumber-gherkin/6.10.0/cucumber-gherkin-6.10.0.jar:/Users/shima.nahar/.m2/repository/io/cucumber/cucumber-gherkin-messages/6.10.0/cucumber-gherkin-messages-6.10.0.jar:/Users/shima.nahar/.m2/repository/io/cucumber/messages/14.0.1/messages-14.0.1.jar:/Users/shima.nahar/.m2/repository/io/cucumber/tag-expressions/3.0.0/tag-expressions-3.0.0.jar:/Users/shima.nahar/.m2/repository/io/cucumber/cucumber-expressions/10.3.0/cucumber-expressions-10.3.0.jar:/Users/shima.nahar/.m2/repository/io/cucumber/datatable/3.5.0/datatable-3.5.0.jar:/Users/shima.nahar/.m2/repository/io/cucumber/cucumber-plugin/6.10.0/cucumber-plugin-6.10.0.jar:/Users/shima.nahar/.m2/repository/io/cucumber/docstring/6.10.0/docstring-6.10.0.jar:/Users/shima.nahar/.m2/repository/io/cucumber/html-formatter/12.0.0/html-formatter-12.0.0.jar:/Users/shima.nahar/.m2/repository/io/cucumber/create-meta/3.0.0/create-meta-3.0.0.jar:/Users/shima.nahar/.m2/repository/org/apiguardian/apiguardian-api/1.1.1/apiguardian-api-1.1.1.jar:/Users/shima.nahar/.m2/repository/io/cucumber/cucumber-testng/6.10.0/cucumber-testng-6.10.0.jar:/Users/shima.nahar/.m2/repository/org/testng/testng/7.3.0/testng-7.3.0.jar:/Users/shima.nahar/.m2/repository/com/beust/jcommander/1.78/jcommander-1.78.jar:/Users/shima.nahar/.m2/repository/org/apache/ant/ant/1.10.3/ant-1.10.3.jar:/Users/shima.nahar/.m2/repository/org/apache/ant/ant-launcher/1.10.3/ant-launcher-1.10.3.jar:/Users/shima.nahar/.m2/repository/junit/junit/4.12/junit-4.12.jar:/Users/shima.nahar/.m2/repository/org/hamcrest/hamcrest-core/1.3/hamcrest-core-1.3.jar:/Users/shima.nahar/.m2/repository/com/google/inject/guice/4.2.2/guice-4.2.2-no_aop.jar:/Users/shima.nahar/.m2/repository/javax/inject/javax.inject/1/javax.inject-1.jar:/Users/shima.nahar/.m2/repository/aopalliance/aopalliance/1.0/aopalliance-1.0.jar:/Users/shima.nahar/.m2/repository/org/yaml/snakeyaml/1.21/snakeyaml-1.21.jar:/Users/shima.nahar/.m2/repository/io/github/bonigarcia/webdrivermanager/4.4.1/webdrivermanager-4.4.1.jar:/Users/shima.nahar/.m2/repository/org/slf4j/slf4j-api/1.7.30/slf4j-api-1.7.30.jar:/Users/shima.nahar/.m2/repository/commons-io/commons-io/2.8.0/commons-io-2.8.0.jar:/Users/shima.nahar/.m2/repository/com/google/code/gson/gson/2.8.6/gson-2.8.6.jar:/Users/shima.nahar/.m2/repository/org/apache/commons/commons-lang3/3.12.0/commons-lang3-3.12.0.jar:/Users/shima.nahar/.m2/repository/org/apache/httpcomponents/client5/httpclient5/5.0.3/httpclient5-5.0.3.jar:/Users/shima.nahar/.m2/repository/org/apache/httpcomponents/core5/httpcore5/5.0.2/httpcore5-5.0.2.jar:/Users/shima.nahar/.m2/repository/org/apache/httpcomponents/core5/httpcore5-h2/5.0.2/httpcore5-h2-5.0.2.jar:/Users/shima.nahar/.m2/repository/commons-codec/commons-codec/1.13/commons-codec-1.13.jar:/Users/shima.nahar/.m2/repository/org/rauschig/jarchivelib/1.1.0/jarchivelib-1.1.0.jar:/Users/shima.nahar/.m2/repository/org/apache/commons/commons-compress/1.20/commons-compress-1.20.jar:/Users/shima.nahar/.m2/repository/org/jsoup/jsoup/1.13.1/jsoup-1.13.1.jar:/Users/shima.nahar/.m2/repository/com/github/javafaker/javafaker/1.0.2/javafaker-1.0.2.jar:/Users/shima.nahar/.m2/repository/org/yaml/snakeyaml/1.23/snakeyaml-1.23-android.jar:/Users/shima.nahar/.m2/repository/com/github/mifmif/generex/1.0.2/generex-1.0.2.jar:/Users/shima.nahar/.m2/repository/dk/brics/automaton/automaton/1.11-8/automaton-1.11-8.jar:"/>
    <property name="java.vm.vendor" value="Homebrew"/>
    <property name="sun.arch.data.model" value="64"/>
    <property name="java.vendor.url" value="https://github.com/Homebrew/homebrew-core/issues"/>
    <property name="user.timezone" value="America/New_York"/>
    <property name="os.name" value="Mac OS X"/>
    <property name="java.vm.specification.version" value="17"/>
    <property name="sun.java.launcher" value="SUN_STANDARD"/>
    <property name="user.country" value="GB"/>
    <property name="sun.boot.library.path" value="/usr/local/Cellar/openjdk/17/libexec/openjdk.jdk/Contents/Home/lib"/>
    <property name="sun.java.command" value="/Users/shima.nahar/Documents/TalenTek/Git/CucumberBDD_Fw1/target/surefire/surefirebooter6927567713440922537.jar /Users/shima.nahar/Documents/TalenTek/Git/CucumberBDD_Fw1/target/surefire 2021-10-22T20-18-34_502-jvmRun1 surefire8068459898517474091tmp surefire_018031423879923381056tmp"/>
    <property name="http.nonProxyHosts" value="local|*.local|169.254/16|*.169.254/16"/>
    <property name="jdk.debug" value="release"/>
    <property name="surefire.test.class.path" value="/Users/shima.nahar/Documents/TalenTek/Git/CucumberBDD_Fw1/target/test-classes:/Users/shima.nahar/Documents/TalenTek/Git/CucumberBDD_Fw1/target/classes:/Users/shima.nahar/.m2/repository/org/seleniumhq/selenium/selenium-java/3.141.59/selenium-java-3.141.59.jar:/Users/shima.nahar/.m2/repository/org/seleniumhq/selenium/selenium-api/3.141.59/selenium-api-3.141.59.jar:/Users/shima.nahar/.m2/repository/org/seleniumhq/selenium/selenium-chrome-driver/3.141.59/selenium-chrome-driver-3.141.59.jar:/Users/shima.nahar/.m2/repository/org/seleniumhq/selenium/selenium-edge-driver/3.141.59/selenium-edge-driver-3.141.59.jar:/Users/shima.nahar/.m2/repository/org/seleniumhq/selenium/selenium-firefox-driver/3.141.59/selenium-firefox-driver-3.141.59.jar:/Users/shima.nahar/.m2/repository/org/seleniumhq/selenium/selenium-ie-driver/3.141.59/selenium-ie-driver-3.141.59.jar:/Users/shima.nahar/.m2/repository/org/seleniumhq/selenium/selenium-opera-driver/3.141.59/selenium-opera-driver-3.141.59.jar:/Users/shima.nahar/.m2/repository/org/seleniumhq/selenium/selenium-remote-driver/3.141.59/selenium-remote-driver-3.141.59.jar:/Users/shima.nahar/.m2/repository/org/seleniumhq/selenium/selenium-safari-driver/3.141.59/selenium-safari-driver-3.141.59.jar:/Users/shima.nahar/.m2/repository/org/seleniumhq/selenium/selenium-support/3.141.59/selenium-support-3.141.59.jar:/Users/shima.nahar/.m2/repository/net/bytebuddy/byte-buddy/1.8.15/byte-buddy-1.8.15.jar:/Users/shima.nahar/.m2/repository/org/apache/commons/commons-exec/1.3/commons-exec-1.3.jar:/Users/shima.nahar/.m2/repository/com/google/guava/guava/25.0-jre/guava-25.0-jre.jar:/Users/shima.nahar/.m2/repository/com/google/code/findbugs/jsr305/1.3.9/jsr305-1.3.9.jar:/Users/shima.nahar/.m2/repository/org/checkerframework/checker-compat-qual/2.0.0/checker-compat-qual-2.0.0.jar:/Users/shima.nahar/.m2/repository/com/google/errorprone/error_prone_annotations/2.1.3/error_prone_annotations-2.1.3.jar:/Users/shima.nahar/.m2/repository/com/google/j2objc/j2objc-annotations/1.1/j2objc-annotations-1.1.jar:/Users/shima.nahar/.m2/repository/org/codehaus/mojo/animal-sniffer-annotations/1.14/animal-sniffer-annotations-1.14.jar:/Users/shima.nahar/.m2/repository/com/squareup/okhttp3/okhttp/3.11.0/okhttp-3.11.0.jar:/Users/shima.nahar/.m2/repository/com/squareup/okio/okio/1.14.0/okio-1.14.0.jar:/Users/shima.nahar/.m2/repository/io/cucumber/cucumber-java/6.10.0/cucumber-java-6.10.0.jar:/Users/shima.nahar/.m2/repository/io/cucumber/cucumber-core/6.10.0/cucumber-core-6.10.0.jar:/Users/shima.nahar/.m2/repository/io/cucumber/cucumber-gherkin/6.10.0/cucumber-gherkin-6.10.0.jar:/Users/shima.nahar/.m2/repository/io/cucumber/cucumber-gherkin-messages/6.10.0/cucumber-gherkin-messages-6.10.0.jar:/Users/shima.nahar/.m2/repository/io/cucumber/messages/14.0.1/messages-14.0.1.jar:/Users/shima.nahar/.m2/repository/io/cucumber/tag-expressions/3.0.0/tag-expressions-3.0.0.jar:/Users/shima.nahar/.m2/repository/io/cucumber/cucumber-expressions/10.3.0/cucumber-expressions-10.3.0.jar:/Users/shima.nahar/.m2/repository/io/cucumber/datatable/3.5.0/datatable-3.5.0.jar:/Users/shima.nahar/.m2/repository/io/cucumber/cucumber-plugin/6.10.0/cucumber-plugin-6.10.0.jar:/Users/shima.nahar/.m2/repository/io/cucumber/docstring/6.10.0/docstring-6.10.0.jar:/Users/shima.nahar/.m2/repository/io/cucumber/html-formatter/12.0.0/html-formatter-12.0.0.jar:/Users/shima.nahar/.m2/repository/io/cucumber/create-meta/3.0.0/create-meta-3.0.0.jar:/Users/shima.nahar/.m2/repository/org/apiguardian/apiguardian-api/1.1.1/apiguardian-api-1.1.1.jar:/Users/shima.nahar/.m2/repository/io/cucumber/cucumber-testng/6.10.0/cucumber-testng-6.10.0.jar:/Users/shima.nahar/.m2/repository/org/testng/testng/7.3.0/testng-7.3.0.jar:/Users/shima.nahar/.m2/repository/com/beust/jcommander/1.78/jcommander-1.78.jar:/Users/shima.nahar/.m2/repository/org/apache/ant/ant/1.10.3/ant-1.10.3.jar:/Users/shima.nahar/.m2/repository/org/apache/ant/ant-launcher/1.10.3/ant-launcher-1.10.3.jar:/Users/shima.nahar/.m2/repository/junit/junit/4.12/junit-4.12.jar:/Users/shima.nahar/.m2/repository/org/hamcrest/hamcrest-core/1.3/hamcrest-core-1.3.jar:/Users/shima.nahar/.m2/repository/com/google/inject/guice/4.2.2/guice-4.2.2-no_aop.jar:/Users/shima.nahar/.m2/repository/javax/inject/javax.inject/1/javax.inject-1.jar:/Users/shima.nahar/.m2/repository/aopalliance/aopalliance/1.0/aopalliance-1.0.jar:/Users/shima.nahar/.m2/repository/org/yaml/snakeyaml/1.21/snakeyaml-1.21.jar:/Users/shima.nahar/.m2/repository/io/github/bonigarcia/webdrivermanager/4.4.1/webdrivermanager-4.4.1.jar:/Users/shima.nahar/.m2/repository/org/slf4j/slf4j-api/1.7.30/slf4j-api-1.7.30.jar:/Users/shima.nahar/.m2/repository/commons-io/commons-io/2.8.0/commons-io-2.8.0.jar:/Users/shima.nahar/.m2/repository/com/google/code/gson/gson/2.8.6/gson-2.8.6.jar:/Users/shima.nahar/.m2/repository/org/apache/commons/commons-lang3/3.12.0/commons-lang3-3.12.0.jar:/Users/shima.nahar/.m2/repository/org/apache/httpcomponents/client5/httpclient5/5.0.3/httpclient5-5.0.3.jar:/Users/shima.nahar/.m2/repository/org/apache/httpcomponents/core5/httpcore5/5.0.2/httpcore5-5.0.2.jar:/Users/shima.nahar/.m2/repository/org/apache/httpcomponents/core5/httpcore5-h2/5.0.2/httpcore5-h2-5.0.2.jar:/Users/shima.nahar/.m2/repository/commons-codec/commons-codec/1.13/commons-codec-1.13.jar:/Users/shima.nahar/.m2/repository/org/rauschig/jarchivelib/1.1.0/jarchivelib-1.1.0.jar:/Users/shima.nahar/.m2/repository/org/apache/commons/commons-compress/1.20/commons-compress-1.20.jar:/Users/shima.nahar/.m2/repository/org/jsoup/jsoup/1.13.1/jsoup-1.13.1.jar:/Users/shima.nahar/.m2/repository/com/github/javafaker/javafaker/1.0.2/javafaker-1.0.2.jar:/Users/shima.nahar/.m2/repository/org/yaml/snakeyaml/1.23/snakeyaml-1.23-android.jar:/Users/shima.nahar/.m2/repository/com/github/mifmif/generex/1.0.2/generex-1.0.2.jar:/Users/shima.nahar/.m2/repository/dk/brics/automaton/automaton/1.11-8/automaton-1.11-8.jar:"/>
    <property name="sun.cpu.endian" value="little"/>
    <property name="user.home" value="/Users/shima.nahar"/>
    <property name="user.language" value="en"/>
    <property name="java.specification.vendor" value="Oracle Corporation"/>
    <property name="java.version.date" value="2021-09-14"/>
    <property name="java.home" value="/usr/local/Cellar/openjdk/17/libexec/openjdk.jdk/Contents/Home"/>
    <property name="file.separator" value="/"/>
    <property name="basedir" value="/Users/shima.nahar/Documents/TalenTek/Git/CucumberBDD_Fw1"/>
    <property name="java.vm.compressedOopsMode" value="Zero based"/>
    <property name="line.separator" value="&#10;"/>
    <property name="java.vm.specification.vendor" value="Oracle Corporation"/>
    <property name="java.specification.name" value="Java Platform API Specification"/>
    <property name="surefire.real.class.path" value="/Users/shima.nahar/Documents/TalenTek/Git/CucumberBDD_Fw1/target/surefire/surefirebooter6927567713440922537.jar"/>
    <property name="sun.management.compiler" value="HotSpot 64-Bit Tiered Compilers"/>
    <property name="ftp.nonProxyHosts" value="local|*.local|169.254/16|*.169.254/16"/>
    <property name="java.runtime.version" value="17+0"/>
    <property name="user.name" value="shima.nahar"/>
    <property name="path.separator" value=":"/>
    <property name="os.version" value="10.15.6"/>
    <property name="java.runtime.name" value="OpenJDK Runtime Environment"/>
    <property name="file.encoding" value="UTF-8"/>
    <property name="browser" value="ch"/>
    <property name="java.vm.name" value="OpenJDK 64-Bit Server VM"/>
    <property name="java.vendor.version" value="Homebrew"/>
    <property name="localRepository" value="/Users/shima.nahar/.m2/repository"/>
    <property name="java.vendor.url.bug" value="https://github.com/Homebrew/homebrew-core/issues"/>
    <property name="java.io.tmpdir" value="/var/folders/89/j2m2lkgs5wd30l8z58vwkxlr0000gp/T/"/>
    <property name="java.version" value="17"/>
    <property name="cucumber.filter.tags" value="@login"/>
    <property name="user.dir" value="/Users/shima.nahar/Documents/TalenTek/Git/CucumberBDD_Fw1"/>
    <property name="os.arch" value="x86_64"/>
    <property name="java.vm.specification.name" value="Java Virtual Machine Specification"/>
    <property name="env" value="qa"/>
    <property name="native.encoding" value="UTF-8"/>
    <property name="java.library.path" value="/Users/shima.nahar/Library/Java/Extensions:/Library/Java/Extensions:/Network/Library/Java/Extensions:/System/Library/Java/Extensions:/usr/lib/java:."/>
    <property name="java.vm.info" value="mixed mode, sharing"/>
    <property name="java.vendor" value="Homebrew"/>
    <property name="java.vm.version" value="17+0"/>
    <property name="sun.io.unicode.encoding" value="UnicodeBig"/>
    <property name="socksNonProxyHosts" value="local|*.local|169.254/16|*.169.254/16"/>
    <property name="java.class.version" value="61.0"/>
  </properties>
  <testcase name="runScenario[&quot;Login with valid email and password&quot;, &quot;Optional[Login Feature Test]&quot;](1)" classname="TestRunner" time="7.637">
    <system-out><![CDATA[Sign In
Welcome to TalentTek
]]></system-out>
    <system-err><![CDATA[SLF4J: Failed to load class "org.slf4j.impl.StaticLoggerBinder".
SLF4J: Defaulting to no-operation (NOP) logger implementation
SLF4J: See http://www.slf4j.org/codes.html#StaticLoggerBinder for further details.
Starting ChromeDriver 94.0.4606.61 (418b78f5838ed0b1c69bb4e51ea0252171854915-refs/branch-heads/4606@{#1204}) on port 25009
Only local connections are allowed.
Please see https://chromedriver.chromium.org/security-considerations for suggestions on keeping ChromeDriver safe.
ChromeDriver was started successfully.
Oct 22, 2021 8:18:40 PM org.openqa.selenium.remote.ProtocolHandshake createSession
INFO: Detected dialect: W3C
]]></system-err>
  </testcase>
</testsuite>