<?xml version="1.0" encoding="UTF-8"?>
<!-- Generated by org.testng.reporters.JUnitReportReporter -->
<testsuite hostname="Shimas-Air" failures="0" tests="1" name="TestRunner" time="7.612" errors="0" timestamp="2021-10-22T20:18:44 GMT-04:00" skipped="0">
  <testcase classname="TestRunner" name="runScenario" time="7.612"/>
  <system-out/>
</testsuite> <!-- TestRunner -->
