<?xml version="1.0" encoding="UTF-8"?>
<!-- Generated by org.testng.reporters.JUnitReportReporter -->
<testsuite hostname="Shimas-Air" failures="0" tests="1" name="TestRunner" time="8.045" errors="0" timestamp="2021-11-09T19:45:23 GMT-05:00" skipped="0">
  <testcase classname="TestRunner" name="runScenario" time="8.045"/>
  <system-out/>
</testsuite> <!-- TestRunner -->
